<?xml version="1.0" encoding="UTF-8"?>
<!-- Generated by org.testng.reporters.JUnitReportReporter -->
<testsuite hostname="LAPTOP-86S1QFM6" failures="0" tests="3" name="testNG.First_test" time="0.004" errors="0" timestamp="2024-08-07T11:53:40 IST" skipped="0">
  <testcase classname="testNG.First_test" name="openURL" time="0.002"/>
  <system-out/>
  <testcase classname="testNG.First_test" name="Login" time="0.001"/>
  <system-out/>
  <testcase classname="testNG.First_test" name="Logout" time="0.001"/>
  <system-out/>
</testsuite> <!-- testNG.First_test -->
