<?xml version="1.0" encoding="UTF-8"?>
<!-- Generated by org.testng.reporters.JUnitReportReporter -->
<testsuite hostname="LAPTOP-86S1QFM6" failures="0" tests="2" name="testNG.groupingdemo" time="0.010" errors="0" timestamp="2024-08-07T11:54:06 IST" skipped="0">
  <testcase classname="testNG.groupingdemo" name="paymentinrupee" time="0.009"/>
  <system-out/>
  <testcase classname="testNG.groupingdemo" name="payementreturnbybank" time="0.001"/>
  <system-out/>
</testsuite> <!-- testNG.groupingdemo -->
