<?xml version="1.0" encoding="UTF-8"?>
<!-- Generated by org.testng.reporters.JUnitReportReporter -->
<testsuite hostname="LAPTOP-86S1QFM6" failures="0" tests="4" name="testNG.orangerhrm_login" time="35.156" errors="0" timestamp="2024-08-01T11:19:14 IST" skipped="0">
  <testcase classname="testNG.orangerhrm_login" name="tearup" time="20.969"/>
  <system-out/>
  <testcase classname="testNG.orangerhrm_login" name="logo" time="3.035"/>
  <system-out/>
  <testcase classname="testNG.orangerhrm_login" name="login" time="10.887"/>
  <system-out/>
  <testcase classname="testNG.orangerhrm_login" name="teardown" time="0.265"/>
  <system-out/>
</testsuite> <!-- testNG.orangerhrm_login -->
