<?xml version="1.0" encoding="UTF-8"?>
<!-- Generated by org.testng.reporters.JUnitReportReporter -->
<testsuite hostname="LAPTOP-86S1QFM6" failures="0" tests="2" name="testNG.annotationdemo" time="0.009" errors="0" timestamp="2024-08-07T11:53:40 IST" skipped="0">
  <testcase classname="testNG.annotationdemo" name="search" time="0.007"/>
  <system-out/>
  <testcase classname="testNG.annotationdemo" name="Advancesearch" time="0.002"/>
  <system-out/>
</testsuite> <!-- testNG.annotationdemo -->
